<?xml version="1.0" encoding="UTF-8"?>
<testng-results ignored="0" total="1" passed="1" failed="0" skipped="0">
  <reporter-output>
  </reporter-output>
  <suite started-at="2018-12-29T17:10:51Z" name="Suite" finished-at="2018-12-29T17:10:59Z" duration-ms="8319">
    <groups>
    </groups>
    <test started-at="2018-12-29T17:10:51Z" name="Test" finished-at="2018-12-29T17:10:59Z" duration-ms="8319">
      <class name="com.MavenTestNGJenkins.BaseClass">
        <test-method signature="setup()[pri:0, instance:com.MavenTestNGJenkins.BaseClass@429bffaa]" started-at="2018-12-29T17:10:51Z" name="setup" finished-at="2018-12-29T17:10:59Z" duration-ms="8287" status="PASS">
          <reporter-output>
          </reporter-output>
        </test-method> <!-- setup -->
      </class> <!-- com.MavenTestNGJenkins.BaseClass -->
    </test> <!-- Test -->
  </suite> <!-- Suite -->
</testng-results>
