<?xml version="1.0" encoding="UTF-8"?>
<testng-results ignored="0" total="1" passed="1" failed="0" skipped="0">
  <reporter-output>
  </reporter-output>
  <suite started-at="2018-12-29T15:48:42Z" name="Default suite" finished-at="2018-12-29T15:48:55Z" duration-ms="12167">
    <groups>
    </groups>
    <test started-at="2018-12-29T15:48:42Z" name="Default test" finished-at="2018-12-29T15:48:55Z" duration-ms="12167">
      <class name="com.MavenTestNGJenkins.BaseClass">
        <test-method signature="setup()[pri:0, instance:com.MavenTestNGJenkins.BaseClass@614ca7df]" started-at="2018-12-29T15:48:42Z" name="setup" finished-at="2018-12-29T15:48:55Z" duration-ms="12131" status="PASS">
          <reporter-output>
          </reporter-output>
        </test-method> <!-- setup -->
      </class> <!-- com.MavenTestNGJenkins.BaseClass -->
    </test> <!-- Default test -->
  </suite> <!-- Default suite -->
</testng-results>
